<?xml version="1.0" encoding="UTF-8"?>
<!-- Generated by org.testng.reporters.JUnitReportReporter -->
<testsuite hostname="DESKTOP-FL08T9O" failures="0" tests="4" name="Testng_pack.TestNGClass1" time="0.006" errors="0" timestamp="2023-09-12T15:00:18 IST" skipped="0">
  <testcase classname="Testng_pack.TestNGClass1" name="ind" time="0.002"/>
  <testcase classname="Testng_pack.TestNGClass1" name="ire" time="0.002"/>
  <testcase classname="Testng_pack.TestNGClass1" name="scot" time="0.001"/>
  <testcase classname="Testng_pack.TestNGClass1" name="aus" time="0.001"/>
</testsuite> <!-- Testng_pack.TestNGClass1 -->
