<?xml version="1.0" encoding="UTF-8"?>
<!-- Generated by org.testng.reporters.JUnitReportReporter -->
<testsuite hostname="DESKTOP-FL08T9O" failures="0" tests="5" name="Testng_pack.TestNGClass2" time="0.020" errors="0" timestamp="2023-09-12T15:00:18 IST" skipped="0">
  <testcase classname="Testng_pack.TestNGClass2" name="uk" time="0.002"/>
  <testcase classname="Testng_pack.TestNGClass2" name="ja" time="0.002"/>
  <testcase classname="Testng_pack.TestNGClass2" name="pak" time="0.002"/>
  <testcase classname="Testng_pack.TestNGClass2" name="usa" time="0.001"/>
  <testcase classname="Testng_pack.TestNGClass2" name="chi" time="0.013"/>
</testsuite> <!-- Testng_pack.TestNGClass2 -->
